<?xml version="1.0" encoding="UTF-8"?>
<!-- Generated by org.testng.reporters.JUnitXMLReporter -->
<testsuite ignored="4" hostname="DESKTOP-LQ6E6NI" failures="0" tests="1" name="Test(failed)" time="0.062" errors="0" timestamp="2024-03-21T22:35:42 IST">
  <testcase classname="javapackage.SkipTestmethod" name="e" time="0.011">
    <skipped/>
  </testcase> <!-- e -->
  <testcase classname="javapackage.SkipTestmethod" name="a" time="0.0">
    <ignored/>
  </testcase> <!-- a -->
  <testcase classname="javapackage.SkipTestmethod" name="b" time="0.0">
    <ignored/>
  </testcase> <!-- b -->
  <testcase classname="javapackage.SkipTestmethod" name="c" time="0.0">
    <ignored/>
  </testcase> <!-- c -->
  <testcase classname="javapackage.SkipTestmethod" name="d" time="0.0">
    <ignored/>
  </testcase> <!-- d -->
</testsuite> <!-- Test(failed) -->
