<?xml version="1.0" encoding="UTF-8"?>
<!-- Generated by org.testng.reporters.JUnitXMLReporter -->
<testsuite ignored="2" hostname="DESKTOP-LQ6E6NI" failures="0" tests="15" name="Test" time="0.252" errors="0" timestamp="2024-03-21T22:34:22 IST">
  <testcase classname="javapackage.Testng4" name="a" time="0.009"/>
  <testcase classname="javapackage.Testng4" name="b" time="0.007"/>
  <testcase classname="javapackage.Testng4" name="e" time="0.006"/>
  <testcase classname="javapackage.Testngdependsonmethods" name="a" time="0.008"/>
  <testcase classname="javapackage.Testngdependsonmethods" name="b" time="0.005"/>
  <testcase classname="javapackage.SkipTestmethod" name="a" time="0.005"/>
  <testcase classname="javapackage.SkipTestmethod" name="c" time="0.003"/>
  <testcase classname="javapackage.SkipTestmethod" name="c" time="0.003"/>
  <testcase classname="javapackage.SkipTestmethod" name="e" time="0.008">
    <skipped/>
  </testcase> <!-- e -->
  <testcase classname="javapackage.Testng1" name="a" time="0.007"/>
  <testcase classname="javapackage.Testng1" name="a1" time="0.004"/>
  <testcase classname="javapackage.Testng2" name="a" time="0.006"/>
  <testcase classname="javapackage.Testng2" name="b" time="0.004"/>
  <testcase classname="javapackage.Testng2" name="d" time="0.006"/>
  <testcase classname="javapackage.Testng2" name="e" time="0.002"/>
  <testcase classname="javapackage.SkipTestmethod" name="b" time="0.0">
    <ignored/>
  </testcase> <!-- b -->
  <testcase classname="javapackage.Testng4" name="d" time="0.0">
    <ignored/>
  </testcase> <!-- d -->
</testsuite> <!-- Test -->
